                                      1 ;--------------------------------------------------------
                                      2 ; File Created by SDCC : free open source ANSI-C Compiler
                                      3 ; Version 3.5.0 #9253 (Mar 24 2016) (Linux)
                                      4 ; This file was generated Mon Sep 18 20:51:48 2017
                                      5 ;--------------------------------------------------------
                                      6 	.module CMakeCCompilerId
                                      7 	.optsdcc -mmcs51 --model-small
                                      8 	
                                      9 ;--------------------------------------------------------
                                     10 ; Public variables in this module
                                     11 ;--------------------------------------------------------
                                     12 	.globl _main_PARM_2
                                     13 	.globl _info_version
                                     14 	.globl _main
                                     15 	.globl _info_language_dialect_default
                                     16 	.globl _info_arch
                                     17 	.globl _info_platform
                                     18 	.globl _info_compiler
                                     19 ;--------------------------------------------------------
                                     20 ; special function registers
                                     21 ;--------------------------------------------------------
                                     22 	.area RSEG    (ABS,DATA)
      000000                         23 	.org 0x0000
                                     24 ;--------------------------------------------------------
                                     25 ; special function bits
                                     26 ;--------------------------------------------------------
                                     27 	.area RSEG    (ABS,DATA)
      000000                         28 	.org 0x0000
                                     29 ;--------------------------------------------------------
                                     30 ; overlayable register banks
                                     31 ;--------------------------------------------------------
                                     32 	.area REG_BANK_0	(REL,OVR,DATA)
      000000                         33 	.ds 8
                                     34 ;--------------------------------------------------------
                                     35 ; internal ram data
                                     36 ;--------------------------------------------------------
                                     37 	.area DSEG    (DATA)
      000000                         38 _info_compiler::
      000000                         39 	.ds 3
      000003                         40 _info_platform::
      000003                         41 	.ds 3
      000006                         42 _info_arch::
      000006                         43 	.ds 3
      000009                         44 _info_language_dialect_default::
      000009                         45 	.ds 3
                                     46 ;--------------------------------------------------------
                                     47 ; overlayable items in internal ram 
                                     48 ;--------------------------------------------------------
                                     49 	.area	OSEG    (OVR,DATA)
      000000                         50 _main_PARM_2:
      000000                         51 	.ds 3
                                     52 ;--------------------------------------------------------
                                     53 ; Stack segment in internal ram 
                                     54 ;--------------------------------------------------------
                                     55 	.area	SSEG
      000000                         56 __start__stack:
      000000                         57 	.ds	1
                                     58 
                                     59 ;--------------------------------------------------------
                                     60 ; indirectly addressable internal ram data
                                     61 ;--------------------------------------------------------
                                     62 	.area ISEG    (DATA)
                                     63 ;--------------------------------------------------------
                                     64 ; absolute internal ram data
                                     65 ;--------------------------------------------------------
                                     66 	.area IABS    (ABS,DATA)
                                     67 	.area IABS    (ABS,DATA)
                                     68 ;--------------------------------------------------------
                                     69 ; bit data
                                     70 ;--------------------------------------------------------
                                     71 	.area BSEG    (BIT)
                                     72 ;--------------------------------------------------------
                                     73 ; paged external ram data
                                     74 ;--------------------------------------------------------
                                     75 	.area PSEG    (PAG,XDATA)
                                     76 ;--------------------------------------------------------
                                     77 ; external ram data
                                     78 ;--------------------------------------------------------
                                     79 	.area XSEG    (XDATA)
                                     80 ;--------------------------------------------------------
                                     81 ; absolute external ram data
                                     82 ;--------------------------------------------------------
                                     83 	.area XABS    (ABS,XDATA)
                                     84 ;--------------------------------------------------------
                                     85 ; external initialized ram data
                                     86 ;--------------------------------------------------------
                                     87 	.area XISEG   (XDATA)
                                     88 	.area HOME    (CODE)
                                     89 	.area GSINIT0 (CODE)
                                     90 	.area GSINIT1 (CODE)
                                     91 	.area GSINIT2 (CODE)
                                     92 	.area GSINIT3 (CODE)
                                     93 	.area GSINIT4 (CODE)
                                     94 	.area GSINIT5 (CODE)
                                     95 	.area GSINIT  (CODE)
                                     96 	.area GSFINAL (CODE)
                                     97 	.area CSEG    (CODE)
                                     98 ;--------------------------------------------------------
                                     99 ; interrupt vector 
                                    100 ;--------------------------------------------------------
                                    101 	.area HOME    (CODE)
      000000                        102 __interrupt_vect:
      000000 02r00r00         [24]  103 	ljmp	__sdcc_gsinit_startup
                                    104 ;--------------------------------------------------------
                                    105 ; global & static initialisations
                                    106 ;--------------------------------------------------------
                                    107 	.area HOME    (CODE)
                                    108 	.area GSINIT  (CODE)
                                    109 	.area GSFINAL (CODE)
                                    110 	.area GSINIT  (CODE)
                                    111 	.globl __sdcc_gsinit_startup
                                    112 	.globl __sdcc_program_startup
                                    113 	.globl __start__stack
                                    114 	.globl __mcs51_genXINIT
                                    115 	.globl __mcs51_genXRAMCLEAR
                                    116 	.globl __mcs51_genRAMCLEAR
                                    117 ;	CMakeCCompilerId.c:275: char const* info_compiler = "INFO" ":" "compiler[" COMPILER_ID "]";
      000000 75*00r32         [24]  118 	mov	_info_compiler,#___str_0
      000003 75*01s00         [24]  119 	mov	(_info_compiler + 1),#(___str_0 >> 8)
      000006 75*02 80         [24]  120 	mov	(_info_compiler + 2),#0x80
                                    121 ;	CMakeCCompilerId.c:500: char const* info_platform = "INFO" ":" "platform[" PLATFORM_ID "]";
      000009 75*03r46         [24]  122 	mov	_info_platform,#___str_1
      00000C 75*04s00         [24]  123 	mov	(_info_platform + 1),#(___str_1 >> 8)
      00000F 75*05 80         [24]  124 	mov	(_info_platform + 2),#0x80
                                    125 ;	CMakeCCompilerId.c:501: char const* info_arch = "INFO" ":" "arch[" ARCHITECTURE_ID "]";
      000012 75*06r56         [24]  126 	mov	_info_arch,#___str_2
      000015 75*07s00         [24]  127 	mov	(_info_arch + 1),#(___str_2 >> 8)
      000018 75*08 80         [24]  128 	mov	(_info_arch + 2),#0x80
                                    129 ;	CMakeCCompilerId.c:506: const char* info_language_dialect_default = "INFO" ":" "dialect_default["
      00001B 75*09r62         [24]  130 	mov	_info_language_dialect_default,#___str_3
      00001E 75*0As00         [24]  131 	mov	(_info_language_dialect_default + 1),#(___str_3 >> 8)
      000021 75*0B 80         [24]  132 	mov	(_info_language_dialect_default + 2),#0x80
                                    133 	.area GSFINAL (CODE)
      000000 02r00r03         [24]  134 	ljmp	__sdcc_program_startup
                                    135 ;--------------------------------------------------------
                                    136 ; Home
                                    137 ;--------------------------------------------------------
                                    138 	.area HOME    (CODE)
                                    139 	.area HOME    (CODE)
      000003                        140 __sdcc_program_startup:
      000003 02r00r00         [24]  141 	ljmp	_main
                                    142 ;	return from main will return to caller
                                    143 ;--------------------------------------------------------
                                    144 ; code
                                    145 ;--------------------------------------------------------
                                    146 	.area CSEG    (CODE)
                                    147 ;------------------------------------------------------------
                                    148 ;Allocation info for local variables in function 'main'
                                    149 ;------------------------------------------------------------
                                    150 ;argv                      Allocated with name '_main_PARM_2'
                                    151 ;argc                      Allocated to registers r6 r7 
                                    152 ;require                   Allocated to registers r3 r5 
                                    153 ;------------------------------------------------------------
                                    154 ;	CMakeCCompilerId.c:522: int main(int argc, char* argv[])
                                    155 ;	-----------------------------------------
                                    156 ;	 function main
                                    157 ;	-----------------------------------------
      000000                        158 _main:
                           000007   159 	ar7 = 0x07
                           000006   160 	ar6 = 0x06
                           000005   161 	ar5 = 0x05
                           000004   162 	ar4 = 0x04
                           000003   163 	ar3 = 0x03
                           000002   164 	ar2 = 0x02
                           000001   165 	ar1 = 0x01
                           000000   166 	ar0 = 0x00
      000000 AE 82            [24]  167 	mov	r6,dpl
      000002 AF 83            [24]  168 	mov	r7,dph
                                    169 ;	CMakeCCompilerId.c:525: require += info_compiler[argc];
      000004 EE               [12]  170 	mov	a,r6
      000005 25*00            [12]  171 	add	a,_info_compiler
      000007 FB               [12]  172 	mov	r3,a
      000008 EF               [12]  173 	mov	a,r7
      000009 35*01            [12]  174 	addc	a,(_info_compiler + 1)
      00000B FC               [12]  175 	mov	r4,a
      00000C AD*02            [24]  176 	mov	r5,(_info_compiler + 2)
      00000E 8B 82            [24]  177 	mov	dpl,r3
      000010 8C 83            [24]  178 	mov	dph,r4
      000012 8D F0            [24]  179 	mov	b,r5
      000014 12r00r00         [24]  180 	lcall	__gptrget
      000017 FB               [12]  181 	mov	r3,a
      000018 33               [12]  182 	rlc	a
      000019 95 E0            [12]  183 	subb	a,acc
      00001B FD               [12]  184 	mov	r5,a
                                    185 ;	CMakeCCompilerId.c:526: require += info_platform[argc];
      00001C EE               [12]  186 	mov	a,r6
      00001D 25*03            [12]  187 	add	a,_info_platform
      00001F F9               [12]  188 	mov	r1,a
      000020 EF               [12]  189 	mov	a,r7
      000021 35*04            [12]  190 	addc	a,(_info_platform + 1)
      000023 FA               [12]  191 	mov	r2,a
      000024 AC*05            [24]  192 	mov	r4,(_info_platform + 2)
      000026 89 82            [24]  193 	mov	dpl,r1
      000028 8A 83            [24]  194 	mov	dph,r2
      00002A 8C F0            [24]  195 	mov	b,r4
      00002C 12r00r00         [24]  196 	lcall	__gptrget
      00002F F9               [12]  197 	mov	r1,a
      000030 33               [12]  198 	rlc	a
      000031 95 E0            [12]  199 	subb	a,acc
      000033 FC               [12]  200 	mov	r4,a
      000034 E9               [12]  201 	mov	a,r1
      000035 2B               [12]  202 	add	a,r3
      000036 FB               [12]  203 	mov	r3,a
      000037 EC               [12]  204 	mov	a,r4
      000038 3D               [12]  205 	addc	a,r5
      000039 FD               [12]  206 	mov	r5,a
                                    207 ;	CMakeCCompilerId.c:527: require += info_arch[argc];
      00003A EE               [12]  208 	mov	a,r6
      00003B 25*06            [12]  209 	add	a,_info_arch
      00003D F9               [12]  210 	mov	r1,a
      00003E EF               [12]  211 	mov	a,r7
      00003F 35*07            [12]  212 	addc	a,(_info_arch + 1)
      000041 FA               [12]  213 	mov	r2,a
      000042 AC*08            [24]  214 	mov	r4,(_info_arch + 2)
      000044 89 82            [24]  215 	mov	dpl,r1
      000046 8A 83            [24]  216 	mov	dph,r2
      000048 8C F0            [24]  217 	mov	b,r4
      00004A 12r00r00         [24]  218 	lcall	__gptrget
      00004D F9               [12]  219 	mov	r1,a
      00004E 33               [12]  220 	rlc	a
      00004F 95 E0            [12]  221 	subb	a,acc
      000051 FC               [12]  222 	mov	r4,a
      000052 E9               [12]  223 	mov	a,r1
      000053 2B               [12]  224 	add	a,r3
      000054 FB               [12]  225 	mov	r3,a
      000055 EC               [12]  226 	mov	a,r4
      000056 3D               [12]  227 	addc	a,r5
      000057 FD               [12]  228 	mov	r5,a
                                    229 ;	CMakeCCompilerId.c:529: require += info_version[argc];
      000058 EE               [12]  230 	mov	a,r6
      000059 24r00            [12]  231 	add	a,#_info_version
      00005B F5 82            [12]  232 	mov	dpl,a
      00005D EF               [12]  233 	mov	a,r7
      00005E 34s00            [12]  234 	addc	a,#(_info_version >> 8)
      000060 F5 83            [12]  235 	mov	dph,a
      000062 E4               [12]  236 	clr	a
      000063 93               [24]  237 	movc	a,@a+dptr
      000064 FC               [12]  238 	mov	r4,a
      000065 33               [12]  239 	rlc	a
      000066 95 E0            [12]  240 	subb	a,acc
      000068 FA               [12]  241 	mov	r2,a
      000069 EC               [12]  242 	mov	a,r4
      00006A 2B               [12]  243 	add	a,r3
      00006B FB               [12]  244 	mov	r3,a
      00006C EA               [12]  245 	mov	a,r2
      00006D 3D               [12]  246 	addc	a,r5
      00006E FD               [12]  247 	mov	r5,a
                                    248 ;	CMakeCCompilerId.c:540: require += info_language_dialect_default[argc];
      00006F EE               [12]  249 	mov	a,r6
      000070 25*09            [12]  250 	add	a,_info_language_dialect_default
      000072 FE               [12]  251 	mov	r6,a
      000073 EF               [12]  252 	mov	a,r7
      000074 35*0A            [12]  253 	addc	a,(_info_language_dialect_default + 1)
      000076 FF               [12]  254 	mov	r7,a
      000077 AC*0B            [24]  255 	mov	r4,(_info_language_dialect_default + 2)
      000079 8E 82            [24]  256 	mov	dpl,r6
      00007B 8F 83            [24]  257 	mov	dph,r7
      00007D 8C F0            [24]  258 	mov	b,r4
      00007F 12r00r00         [24]  259 	lcall	__gptrget
      000082 FE               [12]  260 	mov	r6,a
      000083 33               [12]  261 	rlc	a
      000084 95 E0            [12]  262 	subb	a,acc
      000086 FF               [12]  263 	mov	r7,a
      000087 EE               [12]  264 	mov	a,r6
      000088 2B               [12]  265 	add	a,r3
      000089 FB               [12]  266 	mov	r3,a
      00008A EF               [12]  267 	mov	a,r7
      00008B 3D               [12]  268 	addc	a,r5
                                    269 ;	CMakeCCompilerId.c:542: return require;
      00008C 8B 82            [24]  270 	mov	dpl,r3
      00008E F5 83            [12]  271 	mov	dph,a
      000090 22               [24]  272 	ret
                                    273 	.area CSEG    (CODE)
                                    274 	.area CONST   (CODE)
      000000                        275 _info_version:
      000000 49                     276 	.db #0x49	;  73	'I'
      000001 4E                     277 	.db #0x4E	;  78	'N'
      000002 46                     278 	.db #0x46	;  70	'F'
      000003 4F                     279 	.db #0x4F	;  79	'O'
      000004 3A                     280 	.db #0x3A	;  58
      000005 63                     281 	.db #0x63	;  99	'c'
      000006 6F                     282 	.db #0x6F	;  111	'o'
      000007 6D                     283 	.db #0x6D	;  109	'm'
      000008 70                     284 	.db #0x70	;  112	'p'
      000009 69                     285 	.db #0x69	;  105	'i'
      00000A 6C                     286 	.db #0x6C	;  108	'l'
      00000B 65                     287 	.db #0x65	;  101	'e'
      00000C 72                     288 	.db #0x72	;  114	'r'
      00000D 5F                     289 	.db #0x5F	;  95
      00000E 76                     290 	.db #0x76	;  118	'v'
      00000F 65                     291 	.db #0x65	;  101	'e'
      000010 72                     292 	.db #0x72	;  114	'r'
      000011 73                     293 	.db #0x73	;  115	's'
      000012 69                     294 	.db #0x69	;  105	'i'
      000013 6F                     295 	.db #0x6F	;  111	'o'
      000014 6E                     296 	.db #0x6E	;  110	'n'
      000015 5B                     297 	.db #0x5B	;  91
      000016 30                     298 	.db #0x30	;  48	'0'
      000017 30                     299 	.db #0x30	;  48	'0'
      000018 30                     300 	.db #0x30	;  48	'0'
      000019 30                     301 	.db #0x30	;  48	'0'
      00001A 30                     302 	.db #0x30	;  48	'0'
      00001B 30                     303 	.db #0x30	;  48	'0'
      00001C 30                     304 	.db #0x30	;  48	'0'
      00001D 33                     305 	.db #0x33	;  51	'3'
      00001E 2E                     306 	.db #0x2E	;  46
      00001F 30                     307 	.db #0x30	;  48	'0'
      000020 30                     308 	.db #0x30	;  48	'0'
      000021 30                     309 	.db #0x30	;  48	'0'
      000022 30                     310 	.db #0x30	;  48	'0'
      000023 30                     311 	.db #0x30	;  48	'0'
      000024 30                     312 	.db #0x30	;  48	'0'
      000025 30                     313 	.db #0x30	;  48	'0'
      000026 35                     314 	.db #0x35	;  53	'5'
      000027 2E                     315 	.db #0x2E	;  46
      000028 30                     316 	.db #0x30	;  48	'0'
      000029 30                     317 	.db #0x30	;  48	'0'
      00002A 30                     318 	.db #0x30	;  48	'0'
      00002B 30                     319 	.db #0x30	;  48	'0'
      00002C 30                     320 	.db #0x30	;  48	'0'
      00002D 30                     321 	.db #0x30	;  48	'0'
      00002E 30                     322 	.db #0x30	;  48	'0'
      00002F 30                     323 	.db #0x30	;  48	'0'
      000030 5D                     324 	.db #0x5D	;  93
      000031 00                     325 	.db #0x00	;  0
      000032                        326 ___str_0:
      000032 49 4E 46 4F 3A 63 6F   327 	.ascii "INFO:compiler[SDCC]"
             6D 70 69 6C 65 72 5B
             53 44 43 43 5D
      000045 00                     328 	.db 0x00
      000046                        329 ___str_1:
      000046 49 4E 46 4F 3A 70 6C   330 	.ascii "INFO:platform[]"
             61 74 66 6F 72 6D 5B
             5D
      000055 00                     331 	.db 0x00
      000056                        332 ___str_2:
      000056 49 4E 46 4F 3A 61 72   333 	.ascii "INFO:arch[]"
             63 68 5B 5D
      000061 00                     334 	.db 0x00
      000062                        335 ___str_3:
      000062 49 4E 46 4F 3A 64 69   336 	.ascii "INFO:dialect_default[90]"
             61 6C 65 63 74 5F 64
             65 66 61 75 6C 74 5B
             39 30 5D
      00007A 00                     337 	.db 0x00
                                    338 	.area XINIT   (CODE)
                                    339 	.area CABS    (ABS,CODE)
