The target system is: Generic -  - 
The host system is: Linux - 4.10.0-33-generic - x86_64
Compiling the C compiler identification source file "CMakeCCompilerId.c" succeeded.
Compiler: /usr/bin/sdcc 
Build flags: 
Id flags: 

The output was:
0


Compilation of the C compiler identification source "CMakeCCompilerId.c" produced "CMakeCCompilerId.rst"

Compilation of the C compiler identification source "CMakeCCompilerId.c" produced "CMakeCCompilerId.mem"

Compilation of the C compiler identification source "CMakeCCompilerId.c" produced "CMakeCCompilerId.sym"

Compilation of the C compiler identification source "CMakeCCompilerId.c" produced "CMakeCCompilerId.asm"

Compilation of the C compiler identification source "CMakeCCompilerId.c" produced "CMakeCCompilerId.map"

Compilation of the C compiler identification source "CMakeCCompilerId.c" produced "CMakeCCompilerId.lk"

Compilation of the C compiler identification source "CMakeCCompilerId.c" produced "CMakeCCompilerId.lst"

Compilation of the C compiler identification source "CMakeCCompilerId.c" produced "CMakeCCompilerId.rel"

Compilation of the C compiler identification source "CMakeCCompilerId.c" produced "CMakeCCompilerId.ihx"

The C compiler identification is SDCC, found in "/home/eduardo/Documents/8051/helloword/build/CMakeFiles/3.5.1/CompilerIdC/CMakeCCompilerId.rst"

Compiling the CXX compiler identification source file "CMakeCXXCompilerId.cpp" succeeded.
Compiler: /usr/bin/c++ 
Build flags: 
Id flags: 

The output was:
0


Compilation of the CXX compiler identification source "CMakeCXXCompilerId.cpp" produced "a.out"

The CXX compiler identification is GNU, found in "/home/eduardo/Documents/8051/helloword/build/CMakeFiles/3.5.1/CompilerIdCXX/a.out"

Determining if the C compiler works passed with the following output:
Change Dir: /home/eduardo/Documents/8051/helloword/build/CMakeFiles/CMakeTmp

Run Build Command:"/usr/bin/make" "cmTC_d5420/fast"
/usr/bin/make -f CMakeFiles/cmTC_d5420.dir/build.make CMakeFiles/cmTC_d5420.dir/build
make[1]: Entering directory '/home/eduardo/Documents/8051/helloword/build/CMakeFiles/CMakeTmp'
Building C object CMakeFiles/cmTC_d5420.dir/testCCompiler.c.rel
/usr/bin/sdcc    -mmcs51 --model-small    -o CMakeFiles/cmTC_d5420.dir/testCCompiler.c.rel -c /home/eduardo/Documents/8051/helloword/build/CMakeFiles/CMakeTmp/testCCompiler.c
Linking C executable cmTC_d5420.ihx
/usr/bin/cmake -E cmake_link_script CMakeFiles/cmTC_d5420.dir/link.txt --verbose=1
/usr/bin/sdcc   -mmcs51 --model-small  CMakeFiles/cmTC_d5420.dir/testCCompiler.c.rel --out-fmt-ihx -o  cmTC_d5420.ihx  --model-small  
make[1]: Leaving directory '/home/eduardo/Documents/8051/helloword/build/CMakeFiles/CMakeTmp'


Detecting C compiler ABI info compiled with the following output:
Change Dir: /home/eduardo/Documents/8051/helloword/build/CMakeFiles/CMakeTmp

Run Build Command:"/usr/bin/make" "cmTC_e7ef3/fast"
/usr/bin/make -f CMakeFiles/cmTC_e7ef3.dir/build.make CMakeFiles/cmTC_e7ef3.dir/build
make[1]: Entering directory '/home/eduardo/Documents/8051/helloword/build/CMakeFiles/CMakeTmp'
Building C object CMakeFiles/cmTC_e7ef3.dir/CMakeCCompilerABI.c.rel
/usr/bin/sdcc    -mmcs51 --model-small    -o CMakeFiles/cmTC_e7ef3.dir/CMakeCCompilerABI.c.rel -c /usr/share/cmake-3.5/Modules/CMakeCCompilerABI.c
Linking C executable cmTC_e7ef3.ihx
/usr/bin/cmake -E cmake_link_script CMakeFiles/cmTC_e7ef3.dir/link.txt --verbose=1
/usr/bin/sdcc   -mmcs51 --model-small  CMakeFiles/cmTC_e7ef3.dir/CMakeCCompilerABI.c.rel --out-fmt-ihx -o  cmTC_e7ef3.ihx  --model-small   
make[1]: Leaving directory '/home/eduardo/Documents/8051/helloword/build/CMakeFiles/CMakeTmp'


Determining if the CXX compiler works passed with the following output:
Change Dir: /home/eduardo/Documents/8051/helloword/build/CMakeFiles/CMakeTmp

Run Build Command:"/usr/bin/make" "cmTC_f3f9e/fast"
/usr/bin/make -f CMakeFiles/cmTC_f3f9e.dir/build.make CMakeFiles/cmTC_f3f9e.dir/build
make[1]: Entering directory '/home/eduardo/Documents/8051/helloword/build/CMakeFiles/CMakeTmp'
Building CXX object CMakeFiles/cmTC_f3f9e.dir/testCXXCompiler.cxx.obj
/usr/bin/c++      -o CMakeFiles/cmTC_f3f9e.dir/testCXXCompiler.cxx.obj -c /home/eduardo/Documents/8051/helloword/build/CMakeFiles/CMakeTmp/testCXXCompiler.cxx
Linking CXX executable cmTC_f3f9e
/usr/bin/cmake -E cmake_link_script CMakeFiles/cmTC_f3f9e.dir/link.txt --verbose=1
/usr/bin/c++        CMakeFiles/cmTC_f3f9e.dir/testCXXCompiler.cxx.obj  -o cmTC_f3f9e 
make[1]: Leaving directory '/home/eduardo/Documents/8051/helloword/build/CMakeFiles/CMakeTmp'


