Detecting CXX compiler ABI info failed to compile with the following output:
Change Dir: /home/eduardo/Documents/8051/helloword/build/CMakeFiles/CMakeTmp

Run Build Command:"/usr/bin/make" "cmTC_41bd4/fast"
/usr/bin/make -f CMakeFiles/cmTC_41bd4.dir/build.make CMakeFiles/cmTC_41bd4.dir/build
make[1]: Entering directory '/home/eduardo/Documents/8051/helloword/build/CMakeFiles/CMakeTmp'
Building CXX object CMakeFiles/cmTC_41bd4.dir/CMakeCXXCompilerABI.cpp.obj
/usr/bin/c++      -o CMakeFiles/cmTC_41bd4.dir/CMakeCXXCompilerABI.cpp.obj -c /usr/share/cmake-3.5/Modules/CMakeCXXCompilerABI.cpp
Linking CXX executable cmTC_41bd4
/usr/bin/cmake -E cmake_link_script CMakeFiles/cmTC_41bd4.dir/link.txt --verbose=1
/usr/bin/c++       -v CMakeFiles/cmTC_41bd4.dir/CMakeCXXCompilerABI.cpp.obj  -o cmTC_41bd4  
Using built-in specs.
COLLECT_GCC=/usr/bin/c++
COLLECT_LTO_WRAPPER=/usr/lib/gcc/x86_64-linux-gnu/5/lto-wrapper
Target: x86_64-linux-gnu
Configured with: ../src/configure -v --with-pkgversion='Ubuntu 5.4.1-2ubuntu1~16.04' --with-bugurl=file:///usr/share/doc/gcc-5/README.Bugs --enable-languages=c,ada,c++,java,go,d,fortran,objc,obj-c++ --prefix=/usr --program-suffix=-5 --enable-shared --enable-linker-build-id --libexecdir=/usr/lib --without-included-gettext --enable-threads=posix --libdir=/usr/lib --enable-nls --with-sysroot=/ --enable-clocale=gnu --enable-libstdcxx-debug --enable-libstdcxx-time=yes --with-default-libstdcxx-abi=new --enable-gnu-unique-object --disable-vtable-verify --enable-libmpx --enable-plugin --with-system-zlib --disable-browser-plugin --enable-java-awt=gtk --enable-gtk-cairo --with-java-home=/usr/lib/jvm/java-1.5.0-gcj-5-amd64/jre --enable-java-home --with-jvm-root-dir=/usr/lib/jvm/java-1.5.0-gcj-5-amd64 --with-jvm-jar-dir=/usr/lib/jvm-exports/java-1.5.0-gcj-5-amd64 --with-arch-directory=amd64 --with-ecj-jar=/usr/share/java/eclipse-ecj.jar --enable-objc-gc --enable-multiarch --disable-werror --with-arch-32=i686 --with-abi=m64 --with-multilib-list=m32,m64,mx32 --enable-multilib --with-tune=generic --enable-checking=release --build=x86_64-linux-gnu --host=x86_64-linux-gnu --target=x86_64-linux-gnu
Thread model: posix
gcc version 5.4.1 20160904 (Ubuntu 5.4.1-2ubuntu1~16.04) 
COMPILER_PATH=/usr/lib/gcc/x86_64-linux-gnu/5/:/usr/lib/gcc/x86_64-linux-gnu/5/:/usr/lib/gcc/x86_64-linux-gnu/:/usr/lib/gcc/x86_64-linux-gnu/5/:/usr/lib/gcc/x86_64-linux-gnu/
LIBRARY_PATH=/usr/lib/gcc/x86_64-linux-gnu/5/:/usr/lib/gcc/x86_64-linux-gnu/5/../../../x86_64-linux-gnu/:/usr/lib/gcc/x86_64-linux-gnu/5/../../../../lib/:/lib/x86_64-linux-gnu/:/lib/../lib/:/usr/lib/x86_64-linux-gnu/:/usr/lib/../lib/:/usr/lib/gcc/x86_64-linux-gnu/5/../../../:/lib/:/usr/lib/
COLLECT_GCC_OPTIONS='-v' '-o' 'cmTC_41bd4' '-shared-libgcc' '-mtune=generic' '-march=x86-64'
 /usr/lib/gcc/x86_64-linux-gnu/5/collect2 -plugin /usr/lib/gcc/x86_64-linux-gnu/5/liblto_plugin.so -plugin-opt=/usr/lib/gcc/x86_64-linux-gnu/5/lto-wrapper -plugin-opt=-fresolution=/tmp/ccQ6bFFm.res -plugin-opt=-pass-through=-lgcc_s -plugin-opt=-pass-through=-lgcc -plugin-opt=-pass-through=-lc -plugin-opt=-pass-through=-lgcc_s -plugin-opt=-pass-through=-lgcc --sysroot=/ --build-id --eh-frame-hdr -m elf_x86_64 --hash-style=gnu --as-needed -dynamic-linker /lib64/ld-linux-x86-64.so.2 -z relro -o cmTC_41bd4 /usr/lib/gcc/x86_64-linux-gnu/5/../../../x86_64-linux-gnu/crt1.o /usr/lib/gcc/x86_64-linux-gnu/5/../../../x86_64-linux-gnu/crti.o /usr/lib/gcc/x86_64-linux-gnu/5/crtbegin.o -L/usr/lib/gcc/x86_64-linux-gnu/5 -L/usr/lib/gcc/x86_64-linux-gnu/5/../../../x86_64-linux-gnu -L/usr/lib/gcc/x86_64-linux-gnu/5/../../../../lib -L/lib/x86_64-linux-gnu -L/lib/../lib -L/usr/lib/x86_64-linux-gnu -L/usr/lib/../lib -L/usr/lib/gcc/x86_64-linux-gnu/5/../../.. CMakeFiles/cmTC_41bd4.dir/CMakeCXXCompilerABI.cpp.obj -lstdc++ -lm -lgcc_s -lgcc -lc -lgcc_s -lgcc /usr/lib/gcc/x86_64-linux-gnu/5/crtend.o /usr/lib/gcc/x86_64-linux-gnu/5/../../../x86_64-linux-gnu/crtn.o
make[1]: Leaving directory '/home/eduardo/Documents/8051/helloword/build/CMakeFiles/CMakeTmp'

Cannot copy output executable
  ''
to destination specified by COPY_FILE:
  '/home/eduardo/Documents/8051/helloword/build/CMakeFiles/3.5.1/CMakeDetermineCompilerABI_CXX.bin'
Unable to find the executable at any of:
  /home/eduardo/Documents/8051/helloword/build/CMakeFiles/CMakeTmp/cmTC_41bd4.ihx
  /home/eduardo/Documents/8051/helloword/build/CMakeFiles/CMakeTmp/Debug/cmTC_41bd4.ihx
  /home/eduardo/Documents/8051/helloword/build/CMakeFiles/CMakeTmp/Development/cmTC_41bd4.ihx


Detecting CXX [-std=c++14] compiler features failed to compile with the following output:
Change Dir: /home/eduardo/Documents/8051/helloword/build/CMakeFiles/CMakeTmp

Run Build Command:"/usr/bin/make" "cmTC_62369/fast"
/usr/bin/make -f CMakeFiles/cmTC_62369.dir/build.make CMakeFiles/cmTC_62369.dir/build
make[1]: Entering directory '/home/eduardo/Documents/8051/helloword/build/CMakeFiles/CMakeTmp'
Building CXX object CMakeFiles/cmTC_62369.dir/feature_tests.cxx.obj
/usr/bin/c++     -std=c++14 -o CMakeFiles/cmTC_62369.dir/feature_tests.cxx.obj -c /home/eduardo/Documents/8051/helloword/build/CMakeFiles/feature_tests.cxx
Linking CXX executable cmTC_62369
/usr/bin/cmake -E cmake_link_script CMakeFiles/cmTC_62369.dir/link.txt --verbose=1
/usr/bin/c++        CMakeFiles/cmTC_62369.dir/feature_tests.cxx.obj  -o cmTC_62369 
make[1]: Leaving directory '/home/eduardo/Documents/8051/helloword/build/CMakeFiles/CMakeTmp'

Cannot copy output executable
  ''
to destination specified by COPY_FILE:
  '/home/eduardo/Documents/8051/helloword/build/CMakeFiles/feature_tests.bin'
Unable to find the executable at any of:
  /home/eduardo/Documents/8051/helloword/build/CMakeFiles/CMakeTmp/cmTC_62369.ihx
  /home/eduardo/Documents/8051/helloword/build/CMakeFiles/CMakeTmp/Debug/cmTC_62369.ihx
  /home/eduardo/Documents/8051/helloword/build/CMakeFiles/CMakeTmp/Development/cmTC_62369.ihx


